2024-12-14 17:54:00,549 - INFO - Vendor eklendi veya zaten mevcut: Microsoft
2024-12-14 17:54:00,554 - INFO - License eklendi veya güncellendi: MICROSOFT TEAMS (FREE)
2024-12-14 17:54:00,556 - INFO - License eklendi veya güncellendi: LICENSE2_ID
2024-12-14 17:54:00,557 - INFO - License eklendi veya güncellendi: LICENSE3_ID
2024-12-14 17:54:00,559 - INFO - License eklendi veya güncellendi: LICENSE4_ID
2024-12-14 17:54:00,560 - INFO - License eklendi veya güncellendi: LICENSE5_ID
2024-12-14 17:54:00,562 - INFO - License eklendi veya güncellendi: LICENSE1_ID
2024-12-14 18:07:33,711 - INFO - Vendor eklendi veya zaten mevcut: Google
2024-12-14 18:07:33,711 - INFO - Vendor eklendi veya zaten mevcut: Microsoft
2024-12-14 18:07:33,712 - INFO - Vendor eklendi veya zaten mevcut: Amazon
2024-12-14 18:07:33,717 - INFO - License eklendi veya güncellendi: MICROSOFT_TEAMS_FREE
2024-12-14 18:07:33,719 - INFO - License eklendi veya güncellendi: M365_BUSINESS_STANDARD
2024-12-14 18:07:33,720 - INFO - License eklendi veya güncellendi: M365_BUSINESS_PREMIUM
2024-12-14 18:07:33,721 - INFO - License eklendi veya güncellendi: M365_E3
2024-12-14 18:07:33,722 - INFO - License eklendi veya güncellendi: M365_E5
2024-12-14 18:07:33,723 - INFO - License eklendi veya güncellendi: M365_BUSINESS_BASIC
2024-12-14 18:07:33,724 - INFO - License eklendi veya güncellendi: GOOGLE_WORKSPACE_BASIC
2024-12-14 18:07:33,725 - INFO - License eklendi veya güncellendi: GOOGLE_WORKSPACE_BUSINESS
2024-12-14 18:07:33,725 - INFO - License eklendi veya güncellendi: AMAZON_WORKSPACES_STANDARD
2024-12-14 18:07:33,726 - INFO - License eklendi veya güncellendi: AMAZON_WORKSPACES_PERFORMANCE
2024-12-14 18:29:21,115 - INFO - Vendor eklendi veya zaten mevcut: Amazon
2024-12-14 18:29:21,116 - INFO - Vendor eklendi veya zaten mevcut: Microsoft
2024-12-14 18:29:21,117 - INFO - Vendor eklendi veya zaten mevcut: Google
2024-12-14 18:29:21,119 - INFO - License eklendi veya güncellendi: MICROSOFT_TEAMS_FREE
2024-12-14 18:29:21,119 - INFO - License eklendi veya güncellendi: M365_BUSINESS_STANDARD
2024-12-14 18:29:21,120 - INFO - License eklendi veya güncellendi: M365_BUSINESS_PREMIUM
2024-12-14 18:29:21,121 - INFO - License eklendi veya güncellendi: M365_E3
2024-12-14 18:29:21,122 - INFO - License eklendi veya güncellendi: M365_E5
2024-12-14 18:29:21,123 - INFO - License eklendi veya güncellendi: M365_BUSINESS_BASIC
2024-12-14 18:29:21,124 - INFO - License eklendi veya güncellendi: GOOGLE_WORKSPACE_BASIC
2024-12-14 18:29:21,124 - INFO - License eklendi veya güncellendi: GOOGLE_WORKSPACE_BUSINESS
2024-12-14 18:29:21,125 - INFO - License eklendi veya güncellendi: AMAZON_WORKSPACES_STANDARD
2024-12-14 18:29:21,126 - INFO - License eklendi veya güncellendi: AMAZON_WORKSPACES_PERFORMANCE
2024-12-14 19:23:42,751 - INFO - Vendor eklendi veya zaten mevcut: Microsoft
2024-12-14 19:23:42,752 - INFO - Vendor eklendi veya zaten mevcut: Google
2024-12-14 19:23:42,753 - INFO - Vendor eklendi veya zaten mevcut: Amazon
2024-12-14 19:23:42,756 - INFO - License eklendi veya güncellendi: MICROSOFT_TEAMS_FREE
2024-12-14 19:23:42,757 - INFO - License eklendi veya güncellendi: M365_BUSINESS_STANDARD
2024-12-14 19:23:42,758 - INFO - License eklendi veya güncellendi: M365_BUSINESS_PREMIUM
2024-12-14 19:23:42,759 - INFO - License eklendi veya güncellendi: M365_E3
2024-12-14 19:23:42,759 - INFO - License eklendi veya güncellendi: M365_E5
2024-12-14 19:23:42,760 - INFO - License eklendi veya güncellendi: M365_BUSINESS_BASIC
2024-12-14 19:23:42,761 - INFO - License eklendi veya güncellendi: GOOGLE_WORKSPACE_BASIC
2024-12-14 19:23:42,761 - INFO - License eklendi veya güncellendi: GOOGLE_WORKSPACE_BUSINESS
2024-12-14 19:23:42,763 - INFO - License eklendi veya güncellendi: AMAZON_WORKSPACES_STANDARD
2024-12-14 19:23:42,764 - INFO - License eklendi veya güncellendi: AMAZON_WORKSPACES_PERFORMANCE
2024-12-14 19:24:09,060 - INFO - Vendor eklendi veya zaten mevcut: Google
2024-12-14 19:24:09,061 - INFO - Vendor eklendi veya zaten mevcut: Microsoft
2024-12-14 19:24:09,062 - INFO - Vendor eklendi veya zaten mevcut: Amazon
2024-12-14 19:24:09,065 - INFO - License eklendi veya güncellendi: MICROSOFT_TEAMS_FREE
2024-12-14 19:24:09,066 - INFO - License eklendi veya güncellendi: M365_BUSINESS_STANDARD
2024-12-14 19:24:09,067 - INFO - License eklendi veya güncellendi: M365_BUSINESS_PREMIUM
2024-12-14 19:24:09,068 - INFO - License eklendi veya güncellendi: M365_E3
2024-12-14 19:24:09,069 - INFO - License eklendi veya güncellendi: M365_E5
2024-12-14 19:24:09,070 - INFO - License eklendi veya güncellendi: M365_BUSINESS_BASIC
2024-12-14 19:24:09,070 - INFO - License eklendi veya güncellendi: GOOGLE_WORKSPACE_BASIC
2024-12-14 19:24:09,072 - INFO - License eklendi veya güncellendi: GOOGLE_WORKSPACE_BUSINESS
2024-12-14 19:24:09,073 - INFO - License eklendi veya güncellendi: AMAZON_WORKSPACES_STANDARD
2024-12-14 19:24:09,074 - INFO - License eklendi veya güncellendi: AMAZON_WORKSPACES_PERFORMANCE
